\BOOKMARK [1][-]{section.1}{\376\377\000I\000n\000t\000r\000o\000d\000u\000c\000t\000i\000o\000n}{}% 1
\BOOKMARK [1][-]{section.2}{\376\377\000P\000a\000r\000t\000i\000e\000\040\0001\000\040\000:\000\040\000\311\000t\000u\000d\000e\000\040\000C\000o\000m\000p\000a\000r\000a\000t\000i\000v\000e\000\040\000d\000e\000s\000\040\000S\000o\000l\000u\000t\000i\000o\000n\000s\000\040\000d\000e\000\040\000V\000i\000r\000t\000u\000a\000l\000i\000s\000a\000t\000i\000o\000n}{}% 2
\BOOKMARK [2][-]{subsection.2.1}{\376\377\000T\000a\000b\000l\000e\000a\000u\000\040\000C\000o\000m\000p\000a\000r\000a\000t\000i\000f}{section.2}% 3
\BOOKMARK [2][-]{subsection.2.2}{\376\377\000A\000n\000a\000l\000y\000s\000e}{section.2}% 4
\BOOKMARK [1][-]{section.3}{\376\377\000P\000a\000r\000t\000i\000e\000\040\0002\000\040\000:\000\040\000I\000n\000s\000t\000a\000l\000l\000a\000t\000i\000o\000n\000\040\000e\000t\000\040\000C\000o\000n\000f\000i\000g\000u\000r\000a\000t\000i\000o\000n\000\040\000d\000'\000u\000n\000e\000\040\000V\000M\000\040\000s\000u\000r\000\040\000V\000M\000w\000a\000r\000e\000\040\000W\000o\000r\000k\000s\000t\000a\000t\000i\000o\000n\000\040\000P\000r\000o}{}% 5
\BOOKMARK [2][-]{subsection.3.1}{\376\377\000P\000r\000\351\000r\000e\000q\000u\000i\000s}{section.3}% 6
\BOOKMARK [3][-]{subsubsection.3.1.1}{\376\377\000P\000r\000\351\000r\000e\000q\000u\000i\000s\000\040\000L\000o\000g\000i\000c\000i\000e\000l\000s}{subsection.3.1}% 7
\BOOKMARK [3][-]{subsubsection.3.1.2}{\376\377\000P\000r\000\351\000r\000e\000q\000u\000i\000s\000\040\000M\000a\000t\000\351\000r\000i\000e\000l\000s}{subsection.3.1}% 8
\BOOKMARK [2][-]{subsection.3.2}{\376\377\000A\000c\000t\000i\000v\000a\000t\000i\000o\000n\000\040\000d\000e\000\040\000l\000a\000\040\000V\000i\000r\000t\000u\000a\000l\000i\000s\000a\000t\000i\000o\000n}{section.3}% 9
\BOOKMARK [2][-]{subsection.3.3}{\376\377\000I\000n\000s\000t\000a\000l\000l\000a\000t\000i\000o\000n\000\040\000d\000e\000\040\000V\000M\000w\000a\000r\000e\000\040\000W\000o\000r\000k\000s\000t\000a\000t\000i\000o\000n\000\040\000P\000r\000o}{section.3}% 10
\BOOKMARK [3][-]{subsubsection.3.3.1}{\376\377\000T\000\351\000l\000\351\000c\000h\000a\000r\000g\000e\000m\000e\000n\000t}{subsection.3.3}% 11
\BOOKMARK [3][-]{subsubsection.3.3.2}{\376\377\000P\000r\000o\000c\000e\000s\000s\000u\000s\000\040\000d\000'\000I\000n\000s\000t\000a\000l\000l\000a\000t\000i\000o\000n}{subsection.3.3}% 12
\BOOKMARK [1][-]{section.4}{\376\377\000C\000r\000\351\000a\000t\000i\000o\000n\000\040\000d\000e\000\040\000l\000a\000\040\000M\000a\000c\000h\000i\000n\000e\000\040\000V\000i\000r\000t\000u\000e\000l\000l\000e\000\040\000P\000e\000r\000s\000o\000n\000n\000a\000l\000i\000s\000\351\000e}{}% 13
\BOOKMARK [2][-]{subsection.4.1}{\376\377\000I\000n\000t\000e\000r\000f\000a\000c\000e\000\040\000d\000e\000\040\000V\000M\000w\000a\000r\000e\000\040\000W\000o\000r\000k\000s\000t\000a\000t\000i\000o\000n\000\040\000P\000r\000o}{section.4}% 14
\BOOKMARK [2][-]{subsection.4.2}{\376\377\000C\000h\000o\000i\000x\000\040\000d\000u\000\040\000T\000y\000p\000e\000\040\000d\000e\000\040\000C\000o\000n\000f\000i\000g\000u\000r\000a\000t\000i\000o\000n}{section.4}% 15
\BOOKMARK [2][-]{subsection.4.3}{\376\377\000C\000o\000m\000p\000a\000t\000i\000b\000i\000l\000i\000t\000\351\000\040\000M\000a\000t\000\351\000r\000i\000e\000l\000l\000e}{section.4}% 16
\BOOKMARK [2][-]{subsection.4.4}{\376\377\000I\000n\000s\000t\000a\000l\000l\000a\000t\000i\000o\000n\000\040\000d\000u\000\040\000S\000y\000s\000t\000\350\000m\000e\000\040\000d\000'\000E\000x\000p\000l\000o\000i\000t\000a\000t\000i\000o\000n}{section.4}% 17
\BOOKMARK [2][-]{subsection.4.5}{\376\377\000C\000o\000n\000f\000i\000g\000u\000r\000a\000t\000i\000o\000n\000\040\000E\000a\000s\000y\000\040\000I\000n\000s\000t\000a\000l\000l}{section.4}% 18
\BOOKMARK [2][-]{subsection.4.6}{\376\377\000D\000\351\000f\000i\000n\000i\000t\000i\000o\000n\000\040\000d\000u\000\040\000S\000y\000s\000t\000\350\000m\000e\000\040\000d\000'\000E\000x\000p\000l\000o\000i\000t\000a\000t\000i\000o\000n}{section.4}% 19
\BOOKMARK [2][-]{subsection.4.7}{\376\377\000N\000o\000m\000\040\000e\000t\000\040\000E\000m\000p\000l\000a\000c\000e\000m\000e\000n\000t\000\040\000d\000e\000\040\000l\000a\000\040\000V\000M}{section.4}% 20
\BOOKMARK [2][-]{subsection.4.8}{\376\377\000P\000\351\000r\000i\000p\000h\000\351\000r\000i\000q\000u\000e\000\040\000d\000e\000\040\000D\000\351\000m\000a\000r\000r\000a\000g\000e}{section.4}% 21
\BOOKMARK [2][-]{subsection.4.9}{\376\377\000C\000o\000n\000f\000i\000g\000u\000r\000a\000t\000i\000o\000n\000\040\000d\000u\000\040\000P\000r\000o\000c\000e\000s\000s\000e\000u\000r}{section.4}% 22
\BOOKMARK [2][-]{subsection.4.10}{\376\377\000C\000o\000n\000f\000i\000g\000u\000r\000a\000t\000i\000o\000n\000\040\000d\000e\000\040\000l\000a\000\040\000M\000\351\000m\000o\000i\000r\000e}{section.4}% 23
\BOOKMARK [2][-]{subsection.4.11}{\376\377\000C\000o\000n\000f\000i\000g\000u\000r\000a\000t\000i\000o\000n\000\040\000R\000\351\000s\000e\000a\000u}{section.4}% 24
\BOOKMARK [2][-]{subsection.4.12}{\376\377\000C\000o\000n\000t\000r\000\364\000l\000e\000u\000r\000\040\000S\000C\000S\000I}{section.4}% 25
\BOOKMARK [2][-]{subsection.4.13}{\376\377\000T\000y\000p\000e\000\040\000d\000e\000\040\000D\000i\000s\000q\000u\000e\000\040\000V\000i\000r\000t\000u\000e\000l}{section.4}% 26
\BOOKMARK [2][-]{subsection.4.14}{\376\377\000S\000\351\000l\000e\000c\000t\000i\000o\000n\000\040\000d\000u\000\040\000D\000i\000s\000q\000u\000e}{section.4}% 27
\BOOKMARK [2][-]{subsection.4.15}{\376\377\000C\000a\000p\000a\000c\000i\000t\000\351\000\040\000d\000u\000\040\000D\000i\000s\000q\000u\000e}{section.4}% 28
\BOOKMARK [2][-]{subsection.4.16}{\376\377\000F\000i\000c\000h\000i\000e\000r\000\040\000d\000u\000\040\000D\000i\000s\000q\000u\000e}{section.4}% 29
\BOOKMARK [2][-]{subsection.4.17}{\376\377\000R\000\351\000c\000a\000p\000i\000t\000u\000l\000a\000t\000i\000f\000\040\000e\000t\000\040\000C\000r\000\351\000a\000t\000i\000o\000n}{section.4}% 30
\BOOKMARK [1][-]{section.5}{\376\377\000I\000n\000s\000t\000a\000l\000l\000a\000t\000i\000o\000n\000\040\000d\000e\000\040\000W\000i\000n\000d\000o\000w\000s\000\040\0001\0000}{}% 31
\BOOKMARK [2][-]{subsection.5.1}{\376\377\000A\000v\000e\000r\000t\000i\000s\000s\000e\000m\000e\000n\000t\000\040\000d\000e\000\040\000S\000\351\000c\000u\000r\000i\000t\000\351}{section.5}% 32
\BOOKMARK [2][-]{subsection.5.2}{\376\377\000S\000\351\000l\000e\000c\000t\000i\000o\000n\000\040\000d\000e\000\040\000l\000a\000\040\000V\000e\000r\000s\000i\000o\000n\000\040\000W\000i\000n\000d\000o\000w\000s}{section.5}% 33
\BOOKMARK [2][-]{subsection.5.3}{\376\377\000P\000r\000o\000c\000e\000s\000s\000u\000s\000\040\000d\000'\000I\000n\000s\000t\000a\000l\000l\000a\000t\000i\000o\000n}{section.5}% 34
\BOOKMARK [2][-]{subsection.5.4}{\376\377\000P\000r\000e\000m\000i\000e\000r\000\040\000D\000\351\000m\000a\000r\000r\000a\000g\000e}{section.5}% 35
\BOOKMARK [1][-]{section.6}{\376\377\000C\000o\000n\000f\000i\000g\000u\000r\000a\000t\000i\000o\000n\000\040\000F\000i\000n\000a\000l\000e\000\040\000e\000t\000\040\000P\000a\000r\000a\000m\000\350\000t\000r\000e\000s}{}% 36
\BOOKMARK [2][-]{subsection.6.1}{\376\377\000I\000n\000f\000o\000r\000m\000a\000t\000i\000o\000n\000s\000\040\000d\000e\000\040\000l\000a\000\040\000V\000M}{section.6}% 37
\BOOKMARK [2][-]{subsection.6.2}{\376\377\000P\000a\000r\000a\000m\000\350\000t\000r\000e\000s\000\040\000D\000\351\000t\000a\000i\000l\000l\000\351\000s}{section.6}% 38
\BOOKMARK [1][-]{section.7}{\376\377\000C\000o\000n\000c\000l\000u\000s\000i\000o\000n}{}% 39
\BOOKMARK [2][-]{subsection.7.1}{\376\377\000C\000o\000m\000p\000\351\000t\000e\000n\000c\000e\000s\000\040\000A\000c\000q\000u\000i\000s\000e\000s}{section.7}% 40
\BOOKMARK [2][-]{subsection.7.2}{\376\377\000A\000v\000a\000n\000t\000a\000g\000e\000s\000\040\000d\000e\000\040\000l\000a\000\040\000V\000i\000r\000t\000u\000a\000l\000i\000s\000a\000t\000i\000o\000n\000\040\000C\000o\000n\000s\000t\000a\000t\000\351\000s}{section.7}% 41
\BOOKMARK [2][-]{subsection.7.3}{\376\377\000P\000o\000i\000n\000t\000s\000\040\000C\000l\000\351\000s\000\040\000\340\000\040\000R\000e\000t\000e\000n\000i\000r}{section.7}% 42
\BOOKMARK [2][-]{subsection.7.4}{\376\377\000P\000e\000r\000s\000p\000e\000c\000t\000i\000v\000e\000s}{section.7}% 43
\BOOKMARK [1][-]{section.8}{\376\377\000R\000\351\000f\000\351\000r\000e\000n\000c\000e\000s}{}% 44
