This is pdfTeX, Version 3.141592653-2.6-1.40.27 (MiKTeX 25.4) (preloaded format=pdflatex 2025.8.24)  22 NOV 2025 16:47
entering extended mode
 restricted \write18 enabled.
 file:line:error style messages enabled.
 %&-line parsing enabled.
**"c:/Users/admin/OneDrive/Documents/TP Virt/Youssefi/TP 1/CR_TP1/template_ensa_agadir.tex"
(c:/Users/admin/OneDrive/Documents/TP Virt/Youssefi/TP 1/CR_TP1/template_ensa_agadir.tex
LaTeX2e <2025-06-01> patch level 1
L3 programming layer <2025-07-20>
(C:\Users\admin\AppData\Local\Programs\MiKTeX\tex/latex/base\article.cls
Document Class: article 2025/01/22 v1.4n Standard LaTeX document class
(C:\Users\admin\AppData\Local\Programs\MiKTeX\tex/latex/base\size11.clo
File: size11.clo 2025/01/22 v1.4n Standard LaTeX file (size option)
)
\c@part=\count275
\c@section=\count276
\c@subsection=\count277
\c@subsubsection=\count278
\c@paragraph=\count279
\c@subparagraph=\count280
\c@figure=\count281
\c@table=\count282
\abovecaptionskip=\skip49
\belowcaptionskip=\skip50
\bibindent=\dimen148
) (C:\Users\admin\AppData\Local\Programs\MiKTeX\tex/latex/base\inputenc.sty
Package: inputenc 2024/02/08 v1.3d Input encoding file
\inpenc@prehook=\toks17
\inpenc@posthook=\toks18
) (C:\Users\admin\AppData\Local\Programs\MiKTeX\tex/latex/base\fontenc.sty
Package: fontenc 2024/12/21 v2.1c Standard LaTeX package
) (C:\Users\admin\AppData\Local\Programs\MiKTeX\tex/generic/babel\babel.sty
Package: babel 2025/08/03 v25.12 The multilingual framework for LuaLaTeX, pdfLaTeX and XeLaTeX
\babel@savecnt=\count283
LaTeX Encoding Info:    Redeclaring text command \ij (encoding OT1) on input line 2045.
LaTeX Encoding Info:    Redeclaring text command \IJ (encoding OT1) on input line 2047.
LaTeX Encoding Info:    Redeclaring text command \ij (encoding T1) on input line 2049.
LaTeX Encoding Info:    Redeclaring text command \IJ (encoding T1) on input line 2050.
LaTeX Encoding Info:    Ignoring declaration for text command \ij (encoding ?) on input line 2051.
LaTeX Encoding Info:    Ignoring declaration for text command \IJ (encoding ?) on input line 2053.
LaTeX Encoding Info:    Ignoring declaration for text command \SS (encoding ?) on input line 2078.
\U@D=\dimen149
\l@unhyphenated=\language79
 (C:\Users\admin\AppData\Local\Programs\MiKTeX\tex/generic/babel\txtbabel.def)
\bbl@readstream=\read2
\bbl@dirlevel=\count284

*************************************
* Local config file bblopts.cfg used
*
(C:\Users\admin\AppData\Local\Programs\MiKTeX\tex/latex/arabi\bblopts.cfg
File: bblopts.cfg 2005/09/08 v0.1 add Arabic and Farsi to "declared" options of babel
) (C:\Users\admin\AppData\Local\Programs\MiKTeX\tex/generic/babel-french\french.ldf
Language: french 2025-07-25 v4.0d French support from the babel system
 (C:\Users\admin\AppData\Local\Programs\MiKTeX\tex/generic/babel/locale/fr\babel-french.tex
Package babel Info: Importing font and identification data for french
(babel)             from babel-fr.ini. Reported on input line 12.
) (C:\Users\admin\AppData\Local\Programs\MiKTeX\tex/generic/babel-french\french3.ldf
Language: french 2025-07-25 v3.7d French support from the babel system
\FB@stdchar=\count285
Package babel Info: Making : an active character on input line 273.
Package babel Info: Making ; an active character on input line 274.
Package babel Info: Making ! an active character on input line 275.
Package babel Info: Making ? an active character on input line 276.
\FBguill@level=\count286
\FBold@everypar=\toks19
\FB@Mht=\dimen150
\mc@charclass=\count287
\mc@charfam=\count288
\mc@charslot=\count289
\std@mcc=\count290
\dec@mcc=\count291
\FB@pardim=\dimen151
\listindentFB=\dimen152
\descindentFB=\dimen153
\labelindentFB=\dimen154
\labelwidthFB=\dimen155
\leftmarginFB=\dimen156
\parindentFFN=\dimen157
\FBfnindent=\dimen158
))) (C:\Users\admin\AppData\Local\Programs\MiKTeX\tex/latex/carlisle\scalefnt.sty) (C:\Users\admin\AppData\Local\Programs\MiKTeX\tex/latex/lm\lmodern.sty
Package: lmodern 2015/05/01 v1.6.1 Latin Modern Fonts
LaTeX Font Info:    Overwriting symbol font `operators' in version `normal'
(Font)                  OT1/cmr/m/n --> OT1/lmr/m/n on input line 22.
LaTeX Font Info:    Overwriting symbol font `letters' in version `normal'
(Font)                  OML/cmm/m/it --> OML/lmm/m/it on input line 23.
LaTeX Font Info:    Overwriting symbol font `symbols' in version `normal'
(Font)                  OMS/cmsy/m/n --> OMS/lmsy/m/n on input line 24.
LaTeX Font Info:    Overwriting symbol font `largesymbols' in version `normal'
(Font)                  OMX/cmex/m/n --> OMX/lmex/m/n on input line 25.
LaTeX Font Info:    Overwriting symbol font `operators' in version `bold'
(Font)                  OT1/cmr/bx/n --> OT1/lmr/bx/n on input line 26.
LaTeX Font Info:    Overwriting symbol font `letters' in version `bold'
(Font)                  OML/cmm/b/it --> OML/lmm/b/it on input line 27.
LaTeX Font Info:    Overwriting symbol font `symbols' in version `bold'
(Font)                  OMS/cmsy/b/n --> OMS/lmsy/b/n on input line 28.
LaTeX Font Info:    Overwriting symbol font `largesymbols' in version `bold'
(Font)                  OMX/cmex/m/n --> OMX/lmex/m/n on input line 29.
LaTeX Font Info:    Overwriting math alphabet `\mathbf' in version `normal'
(Font)                  OT1/cmr/bx/n --> OT1/lmr/bx/n on input line 31.
LaTeX Font Info:    Overwriting math alphabet `\mathsf' in version `normal'
(Font)                  OT1/cmss/m/n --> OT1/lmss/m/n on input line 32.
LaTeX Font Info:    Overwriting math alphabet `\mathit' in version `normal'
(Font)                  OT1/cmr/m/it --> OT1/lmr/m/it on input line 33.
LaTeX Font Info:    Overwriting math alphabet `\mathtt' in version `normal'
(Font)                  OT1/cmtt/m/n --> OT1/lmtt/m/n on input line 34.
LaTeX Font Info:    Overwriting math alphabet `\mathbf' in version `bold'
(Font)                  OT1/cmr/bx/n --> OT1/lmr/bx/n on input line 35.
LaTeX Font Info:    Overwriting math alphabet `\mathsf' in version `bold'
(Font)                  OT1/cmss/bx/n --> OT1/lmss/bx/n on input line 36.
LaTeX Font Info:    Overwriting math alphabet `\mathit' in version `bold'
(Font)                  OT1/cmr/bx/it --> OT1/lmr/bx/it on input line 37.
LaTeX Font Info:    Overwriting math alphabet `\mathtt' in version `bold'
(Font)                  OT1/cmtt/m/n --> OT1/lmtt/m/n on input line 38.
) (C:\Users\admin\AppData\Local\Programs\MiKTeX\tex/latex/geometry\geometry.sty
Package: geometry 2020/01/02 v5.9 Page Geometry
 (C:\Users\admin\AppData\Local\Programs\MiKTeX\tex/latex/graphics\keyval.sty
Package: keyval 2022/05/29 v1.15 key=value parser (DPC)
\KV@toks@=\toks20
) (C:\Users\admin\AppData\Local\Programs\MiKTeX\tex/generic/iftex\ifvtex.sty
Package: ifvtex 2019/10/25 v1.7 ifvtex legacy package. Use iftex instead.
 (C:\Users\admin\AppData\Local\Programs\MiKTeX\tex/generic/iftex\iftex.sty
Package: iftex 2024/12/12 v1.0g TeX engine tests
))
\Gm@cnth=\count292
\Gm@cntv=\count293
\c@Gm@tempcnt=\count294
\Gm@bindingoffset=\dimen159
\Gm@wd@mp=\dimen160
\Gm@odd@mp=\dimen161
\Gm@even@mp=\dimen162
\Gm@layoutwidth=\dimen163
\Gm@layoutheight=\dimen164
\Gm@layouthoffset=\dimen165
\Gm@layoutvoffset=\dimen166
\Gm@dimlist=\toks21
 (C:\Users\admin\AppData\Local\Programs\MiKTeX\tex/latex/geometry\geometry.cfg)) (C:\Users\admin\AppData\Local\Programs\MiKTeX\tex/latex/graphics\graphicx.sty
Package: graphicx 2024/12/31 v1.2e Enhanced LaTeX Graphics (DPC,SPQR)
 (C:\Users\admin\AppData\Local\Programs\MiKTeX\tex/latex/graphics\graphics.sty
Package: graphics 2024/08/06 v1.4g Standard LaTeX Graphics (DPC,SPQR)
 (C:\Users\admin\AppData\Local\Programs\MiKTeX\tex/latex/graphics\trig.sty
Package: trig 2023/12/02 v1.11 sin cos tan (DPC)
) (C:\Users\admin\AppData\Local\Programs\MiKTeX\tex/latex/graphics-cfg\graphics.cfg
File: graphics.cfg 2016/06/04 v1.11 sample graphics configuration
)
Package graphics Info: Driver file: pdftex.def on input line 106.
 (C:\Users\admin\AppData\Local\Programs\MiKTeX\tex/latex/graphics-def\pdftex.def
File: pdftex.def 2024/04/13 v1.2c Graphics/color driver for pdftex
))
\Gin@req@height=\dimen167
\Gin@req@width=\dimen168
) (C:\Users\admin\AppData\Local\Programs\MiKTeX\tex/latex/float\float.sty
Package: float 2001/11/08 v1.3d Float enhancements (AL)
\c@float@type=\count295
\float@exts=\toks22
\float@box=\box53
\@float@everytoks=\toks23
\@floatcapt=\box54
) (C:\Users\admin\AppData\Local\Programs\MiKTeX\tex/latex/fancyhdr\fancyhdr.sty
Package: fancyhdr 2025/02/07 v5.2 Extensive control of page headers and footers
\f@nch@headwidth=\skip51
\f@nch@offset@elh=\skip52
\f@nch@offset@erh=\skip53
\f@nch@offset@olh=\skip54
\f@nch@offset@orh=\skip55
\f@nch@offset@elf=\skip56
\f@nch@offset@erf=\skip57
\f@nch@offset@olf=\skip58
\f@nch@offset@orf=\skip59
\f@nch@height=\skip60
\f@nch@footalignment=\skip61
\f@nch@widthL=\skip62
\f@nch@widthC=\skip63
\f@nch@widthR=\skip64
\@temptokenb=\toks24
) (C:\Users\admin\AppData\Local\Programs\MiKTeX\tex/latex/lastpage\lastpage.sty
Package: lastpage 2025/08/14 v2.1h lastpage: 2.09 or 2e? (HMM)
 (C:\Users\admin\AppData\Local\Programs\MiKTeX\tex/latex/lastpage\lastpage2e.sty
Package: lastpage2e 2025/08/14 v2.1h Decide which 2e lastpage version to use (HMM)
 (C:\Users\admin\AppData\Local\Programs\MiKTeX\tex/latex/lastpage\lastpagemodern.sty
Package: lastpagemodern 2025-08-14 v2.1h Refers to last page's name (HMM; JPG)
\c@lastpagecount=\count296
) 
)) (C:\Users\admin\AppData\Local\Programs\MiKTeX\tex/latex/tools\array.sty
Package: array 2025/06/08 v2.6j Tabular extension package (FMi)
\col@sep=\dimen169
\ar@mcellbox=\box55
\extrarowheight=\dimen170
\NC@list=\toks25
\extratabsurround=\skip65
\backup@length=\skip66
\ar@cellbox=\box56
) (C:\Users\admin\AppData\Local\Programs\MiKTeX\tex/latex/booktabs\booktabs.sty
Package: booktabs 2020/01/12 v1.61803398 Publication quality tables
\heavyrulewidth=\dimen171
\lightrulewidth=\dimen172
\cmidrulewidth=\dimen173
\belowrulesep=\dimen174
\belowbottomsep=\dimen175
\aboverulesep=\dimen176
\abovetopsep=\dimen177
\cmidrulesep=\dimen178
\cmidrulekern=\dimen179
\defaultaddspace=\dimen180
\@cmidla=\count297
\@cmidlb=\count298
\@aboverulesep=\dimen181
\@belowrulesep=\dimen182
\@thisruleclass=\count299
\@lastruleclass=\count300
\@thisrulewidth=\dimen183
) (C:\Users\admin\AppData\Local\Programs\MiKTeX\tex/latex/hyperref\hyperref.sty
Package: hyperref 2025-07-12 v7.01o Hypertext links for LaTeX
 (C:\Users\admin\AppData\Local\Programs\MiKTeX\tex/latex/kvsetkeys\kvsetkeys.sty
Package: kvsetkeys 2022-10-05 v1.19 Key value parser (HO)
) (C:\Users\admin\AppData\Local\Programs\MiKTeX\tex/generic/kvdefinekeys\kvdefinekeys.sty
Package: kvdefinekeys 2019-12-19 v1.6 Define keys (HO)
) (C:\Users\admin\AppData\Local\Programs\MiKTeX\tex/generic/pdfescape\pdfescape.sty
Package: pdfescape 2019/12/09 v1.15 Implements pdfTeX's escape features (HO)
 (C:\Users\admin\AppData\Local\Programs\MiKTeX\tex/generic/ltxcmds\ltxcmds.sty
Package: ltxcmds 2023-12-04 v1.26 LaTeX kernel commands for general use (HO)
) (C:\Users\admin\AppData\Local\Programs\MiKTeX\tex/generic/pdftexcmds\pdftexcmds.sty
Package: pdftexcmds 2020-06-27 v0.33 Utility functions of pdfTeX for LuaTeX (HO)
 (C:\Users\admin\AppData\Local\Programs\MiKTeX\tex/generic/infwarerr\infwarerr.sty
Package: infwarerr 2019/12/03 v1.5 Providing info/warning/error messages (HO)
)
Package pdftexcmds Info: \pdf@primitive is available.
Package pdftexcmds Info: \pdf@ifprimitive is available.
Package pdftexcmds Info: \pdfdraftmode found.
)) (C:\Users\admin\AppData\Local\Programs\MiKTeX\tex/latex/hycolor\hycolor.sty
Package: hycolor 2020-01-27 v1.10 Color options for hyperref/bookmark (HO)
) (C:\Users\admin\AppData\Local\Programs\MiKTeX\tex/latex/hyperref\nameref.sty
Package: nameref 2025-06-21 v2.57 Cross-referencing by name of section
 (C:\Users\admin\AppData\Local\Programs\MiKTeX\tex/latex/refcount\refcount.sty
Package: refcount 2019/12/15 v3.6 Data extraction from label references (HO)
) (C:\Users\admin\AppData\Local\Programs\MiKTeX\tex/generic/gettitlestring\gettitlestring.sty
Package: gettitlestring 2019/12/15 v1.6 Cleanup title references (HO)
 (C:\Users\admin\AppData\Local\Programs\MiKTeX\tex/latex/kvoptions\kvoptions.sty
Package: kvoptions 2022-06-15 v3.15 Key value format for package options (HO)
))
\c@section@level=\count301
) (C:\Users\admin\AppData\Local\Programs\MiKTeX\tex/latex/etoolbox\etoolbox.sty
Package: etoolbox 2025/02/11 v2.5l e-TeX tools for LaTeX (JAW)
\etb@tempcnta=\count302
) (C:\Users\admin\AppData\Local\Programs\MiKTeX\tex/generic/stringenc\stringenc.sty
Package: stringenc 2019/11/29 v1.12 Convert strings between diff. encodings (HO)
)
\@linkdim=\dimen184
\Hy@linkcounter=\count303
\Hy@pagecounter=\count304
 (C:\Users\admin\AppData\Local\Programs\MiKTeX\tex/latex/hyperref\pd1enc.def
File: pd1enc.def 2025-07-12 v7.01o Hyperref: PDFDocEncoding definition (HO)
Now handling font encoding PD1 ...
... no UTF-8 mapping file for font encoding PD1
) (C:\Users\admin\AppData\Local\Programs\MiKTeX\tex/generic/intcalc\intcalc.sty
Package: intcalc 2019/12/15 v1.3 Expandable calculations with integers (HO)
)
\Hy@SavedSpaceFactor=\count305
 (C:\Users\admin\AppData\Local\Programs\MiKTeX\tex/latex/hyperref\puenc.def
File: puenc.def 2025-07-12 v7.01o Hyperref: PDF Unicode definition (HO)
Now handling font encoding PU ...
... no UTF-8 mapping file for font encoding PU
)
Package hyperref Info: Hyper figures OFF on input line 4195.
Package hyperref Info: Link nesting OFF on input line 4200.
Package hyperref Info: Hyper index ON on input line 4203.
Package hyperref Info: Plain pages OFF on input line 4210.
Package hyperref Info: Backreferencing OFF on input line 4215.
Package hyperref Info: Implicit mode ON; LaTeX internals redefined.
Package hyperref Info: Bookmarks ON on input line 4462.
\c@Hy@tempcnt=\count306
 (C:\Users\admin\AppData\Local\Programs\MiKTeX\tex/latex/url\url.sty
\Urlmuskip=\muskip17
Package: url 2013/09/16  ver 3.4  Verb mode for urls, etc.
)
LaTeX Info: Redefining \url on input line 4801.
\XeTeXLinkMargin=\dimen185
 (C:\Users\admin\AppData\Local\Programs\MiKTeX\tex/generic/bitset\bitset.sty
Package: bitset 2019/12/09 v1.3 Handle bit-vector datatype (HO)
 (C:\Users\admin\AppData\Local\Programs\MiKTeX\tex/generic/bigintcalc\bigintcalc.sty
Package: bigintcalc 2019/12/15 v1.5 Expandable calculations on big integers (HO)
))
\Fld@menulength=\count307
\Field@Width=\dimen186
\Fld@charsize=\dimen187
Package hyperref Info: Hyper figures OFF on input line 6078.
Package hyperref Info: Link nesting OFF on input line 6083.
Package hyperref Info: Hyper index ON on input line 6086.
Package hyperref Info: backreferencing OFF on input line 6093.
Package hyperref Info: Link coloring OFF on input line 6098.
Package hyperref Info: Link coloring with OCG OFF on input line 6103.
Package hyperref Info: PDF/A mode OFF on input line 6108.
\Hy@abspage=\count308
\c@Item=\count309
\c@Hfootnote=\count310
)
Package hyperref Info: Driver (autodetected): hpdftex.
 (C:\Users\admin\AppData\Local\Programs\MiKTeX\tex/latex/hyperref\hpdftex.def
File: hpdftex.def 2025-07-12 v7.01o Hyperref driver for pdfTeX
\Fld@listcount=\count311
\c@bookmark@seq@number=\count312
 (C:\Users\admin\AppData\Local\Programs\MiKTeX\tex/latex/rerunfilecheck\rerunfilecheck.sty
Package: rerunfilecheck 2025-06-21 v1.11 Rerun checks for auxiliary files (HO)
 (C:\Users\admin\AppData\Local\Programs\MiKTeX\tex/generic/uniquecounter\uniquecounter.sty
Package: uniquecounter 2019/12/15 v1.4 Provide unlimited unique counter (HO)
)
Package uniquecounter Info: New unique counter `rerunfilecheck' on input line 284.
)
\Hy@SectionHShift=\skip67
)
Package hyperref Info: Option `colorlinks' set `true' on input line 30.
LaTeX Font Info:    Trying to load font information for T1+lmr on input line 59.
 (C:\Users\admin\AppData\Local\Programs\MiKTeX\tex/latex/lm\t1lmr.fd
File: t1lmr.fd 2015/05/01 v1.6.1 Font defs for Latin Modern
) (C:\Users\admin\AppData\Local\Programs\MiKTeX\tex/latex/l3backend\l3backend-pdftex.def
File: l3backend-pdftex.def 2025-06-09 L3 backend support: PDF output (pdfTeX)
\l__color_backend_stack_int=\count313
) (template_ensa_agadir.aux
Package babel Info: 'french' activates 'french' shorthands.
(babel)             Reported on input line 11.
)
\openout1 = `template_ensa_agadir.aux'.

LaTeX Font Info:    Checking defaults for OML/cmm/m/it on input line 59.
LaTeX Font Info:    ... okay on input line 59.
LaTeX Font Info:    Checking defaults for OMS/cmsy/m/n on input line 59.
LaTeX Font Info:    ... okay on input line 59.
LaTeX Font Info:    Checking defaults for OT1/cmr/m/n on input line 59.
LaTeX Font Info:    ... okay on input line 59.
LaTeX Font Info:    Checking defaults for T1/cmr/m/n on input line 59.
LaTeX Font Info:    ... okay on input line 59.
LaTeX Font Info:    Checking defaults for TS1/cmr/m/n on input line 59.
LaTeX Font Info:    ... okay on input line 59.
LaTeX Font Info:    Checking defaults for OMX/cmex/m/n on input line 59.
LaTeX Font Info:    ... okay on input line 59.
LaTeX Font Info:    Checking defaults for U/cmr/m/n on input line 59.
LaTeX Font Info:    ... okay on input line 59.
LaTeX Font Info:    Checking defaults for PD1/pdf/m/n on input line 59.
LaTeX Font Info:    ... okay on input line 59.
LaTeX Font Info:    Checking defaults for PU/pdf/m/n on input line 59.
LaTeX Font Info:    ... okay on input line 59.
LaTeX Info: Redefining \degres on input line 59.

*geometry* driver: auto-detecting
*geometry* detected driver: pdftex
*geometry* verbose mode - [ preamble ] result:
* driver: pdftex
* paper: a4paper
* layout: <same size as paper>
* layoutoffset:(h,v)=(0.0pt,0.0pt)
* modes: 
* h-part:(L,W,R)=(71.13188pt, 455.24411pt, 71.13188pt)
* v-part:(T,H,B)=(71.13188pt, 702.78308pt, 71.13188pt)
* \paperwidth=597.50787pt
* \paperheight=845.04684pt
* \textwidth=455.24411pt
* \textheight=702.78308pt
* \oddsidemargin=-1.1381pt
* \evensidemargin=-1.1381pt
* \topmargin=-38.1381pt
* \headheight=12.0pt
* \headsep=25.0pt
* \topskip=11.0pt
* \footskip=30.0pt
* \marginparwidth=50.0pt
* \marginparsep=10.0pt
* \columnsep=10.0pt
* \skip\footins=10.0pt plus 4.0pt minus 2.0pt
* \hoffset=0.0pt
* \voffset=0.0pt
* \mag=1000
* \@twocolumnfalse
* \@twosidefalse
* \@mparswitchfalse
* \@reversemarginfalse
* (1in=72.27pt=25.4mm, 1cm=28.453pt)

(C:\Users\admin\AppData\Local\Programs\MiKTeX\tex/context/base/mkii\supp-pdf.mkii
[Loading MPS to PDF converter (version 2006.09.02).]
\scratchcounter=\count314
\scratchdimen=\dimen188
\scratchbox=\box57
\nofMPsegments=\count315
\nofMParguments=\count316
\everyMPshowfont=\toks26
\MPscratchCnt=\count317
\MPscratchDim=\dimen189
\MPnumerator=\count318
\makeMPintoPDFobject=\count319
\everyMPtoPDFconversion=\toks27
) (C:\Users\admin\AppData\Local\Programs\MiKTeX\tex/latex/epstopdf-pkg\epstopdf-base.sty
Package: epstopdf-base 2020-01-24 v2.11 Base part for package epstopdf
Package epstopdf-base Info: Redefining graphics rule for `.eps' on input line 485.
 (C:\Users\admin\AppData\Local\Programs\MiKTeX\tex/latex/00miktex\epstopdf-sys.cfg
File: epstopdf-sys.cfg 2021/03/18 v2.0 Configuration of epstopdf for MiKTeX
)) (C:\Users\admin\AppData\Local\Programs\MiKTeX\tex/latex/graphics\color.sty
Package: color 2025/01/14 v1.3e Standard LaTeX Color (DPC)
 (C:\Users\admin\AppData\Local\Programs\MiKTeX\tex/latex/graphics-cfg\color.cfg
File: color.cfg 2016/01/02 v1.6 sample color configuration
)
Package color Info: Driver file: pdftex.def on input line 149.
 (C:\Users\admin\AppData\Local\Programs\MiKTeX\tex/latex/graphics\mathcolor.ltx))
Package hyperref Info: Link coloring ON on input line 59.
 (template_ensa_agadir.out) (template_ensa_agadir.out)
\@outlinefile=\write3
\openout3 = `template_ensa_agadir.out'.

<figures/ENSAA.png, id=179, 602.25pt x 200.75pt>
File: figures/ENSAA.png Graphic file (type png)
<use figures/ENSAA.png>
Package pdftex.def Info: figures/ENSAA.png  used on input line 69.
(pdftex.def)             Requested size: 182.09486pt x 60.69719pt.
<figures/UIZ.png, id=181, 271.0125pt x 76.285pt>
File: figures/UIZ.png Graphic file (type png)
<use figures/UIZ.png>
Package pdftex.def Info: figures/UIZ.png  used on input line 71.
(pdftex.def)             Requested size: 182.09486pt x 51.2585pt.
LaTeX Font Info:    Trying to load font information for TS1+lmr on input line 83.
 (C:\Users\admin\AppData\Local\Programs\MiKTeX\tex/latex/lm\ts1lmr.fd
File: ts1lmr.fd 2015/05/01 v1.6.1 Font defs for Latin Modern
)

[1

{C:/Users/admin/AppData/Local/MiKTeX/fonts/map/pdftex/pdftex.map}{C:/Users/admin/AppData/Local/Programs/MiKTeX/fonts/enc/dvips/lm/lm-ec.enc}{C:/Users/admin/AppData/Local/Programs/MiKTeX/fonts/enc/dvips/lm/lm-ts1.enc} <./figures/ENSAA.png> <./figures/UIZ.png>] (template_ensa_agadir.toc
LaTeX Font Info:    Trying to load font information for OT1+lmr on input line 4.
 (C:\Users\admin\AppData\Local\Programs\MiKTeX\tex/latex/lm\ot1lmr.fd
File: ot1lmr.fd 2015/05/01 v1.6.1 Font defs for Latin Modern
)
LaTeX Font Info:    Trying to load font information for OML+lmm on input line 4.
 (C:\Users\admin\AppData\Local\Programs\MiKTeX\tex/latex/lm\omllmm.fd
File: omllmm.fd 2015/05/01 v1.6.1 Font defs for Latin Modern
)
LaTeX Font Info:    Trying to load font information for OMS+lmsy on input line 4.
 (C:\Users\admin\AppData\Local\Programs\MiKTeX\tex/latex/lm\omslmsy.fd
File: omslmsy.fd 2015/05/01 v1.6.1 Font defs for Latin Modern
)
LaTeX Font Info:    Trying to load font information for OMX+lmex on input line 4.
 (C:\Users\admin\AppData\Local\Programs\MiKTeX\tex/latex/lm\omxlmex.fd
File: omxlmex.fd 2015/05/01 v1.6.1 Font defs for Latin Modern
)
LaTeX Font Info:    External font `lmex10' loaded for size
(Font)              <10.95> on input line 4.
LaTeX Font Info:    External font `lmex10' loaded for size
(Font)              <8> on input line 4.
LaTeX Font Info:    External font `lmex10' loaded for size
(Font)              <6> on input line 4.
)
\tf@toc=\write4
\openout4 = `template_ensa_agadir.toc'.




pdfTeX warning (ext4): destination with the same identifier (name{page.1}) has been already used, duplicate ignored
<to be read again> 
                   \relax 
l.116 \newpage
               [1]

[2]
Underfull \hbox (badness 10000) in paragraph at lines 157--157
[]|\T1/lmr/bx/n/10.95 VMware Player
 []


Underfull \hbox (badness 7433) in paragraph at lines 157--157
[]|\T1/lmr/bx/n/10.95 VMware Works-
 []


Underfull \hbox (badness 4967) in paragraph at lines 161--161
[]|\T1/lmr/bx/n/10.95 Prérequis ma-
 []


Underfull \hbox (badness 1354) in paragraph at lines 162--164
[]|\T1/lmr/m/n/10.95 - CPU 64-bit avec
 []


Underfull \hbox (badness 5231) in paragraph at lines 162--164
\T1/lmr/m/n/10.95 VT-x/AMD-V - 2
 []


Underfull \hbox (badness 1354) in paragraph at lines 165--167
[]|\T1/lmr/m/n/10.95 - CPU 64-bit avec
 []


Underfull \hbox (badness 5231) in paragraph at lines 165--167
\T1/lmr/m/n/10.95 VT-x/AMD-V - 4
 []


Underfull \hbox (badness 5847) in paragraph at lines 168--170
[]|\T1/lmr/m/n/10.95 - CPU avec VT-
 []


Underfull \hbox (badness 1472) in paragraph at lines 168--170
\T1/lmr/m/n/10.95 x/AMD-V - 2 GB
 []


Underfull \hbox (badness 10000) in paragraph at lines 172--172
[]|\T1/lmr/bx/n/10.95 OS sup-por-tés
 []


Underfull \hbox (badness 10000) in paragraph at lines 175--175
[]|\T1/lmr/m/n/10.95 Windows, Li-nux,
 []


Underfull \hbox (badness 10000) in paragraph at lines 177--177
[]|\T1/lmr/bx/n/10.95 OS sup-por-tés
 []


Underfull \hbox (badness 10000) in paragraph at lines 178--178
[]|\T1/lmr/m/n/10.95 Windows, Li-nux,
 []


Underfull \hbox (badness 3199) in paragraph at lines 179--179
\T1/lmr/m/n/10.95 nux, BSD, So-la-ris,
 []


Underfull \hbox (badness 10000) in paragraph at lines 180--180
[]|\T1/lmr/m/n/10.95 Windows, Li-nux,
 []


Underfull \hbox (badness 5667) in paragraph at lines 180--180
\T1/lmr/m/n/10.95 BSD, So-la-ris, ma-
 []


Underfull \hbox (badness 10000) in paragraph at lines 182--182
[]|\T1/lmr/bx/n/10.95 Fonctionnalités
 []


Underfull \hbox (badness 10000) in paragraph at lines 186--191
[]|\T1/lmr/m/n/10.95 - Snap-shots mul-
 []


Underfull \hbox (badness 1509) in paragraph at lines 186--191
\T1/lmr/m/n/10.95 VMs - Équipes de
 []


Underfull \hbox (badness 10000) in paragraph at lines 186--191
\T1/lmr/m/n/10.95 - Chif-fre-ment de
 []


Underfull \hbox (badness 4621) in paragraph at lines 186--191
\T1/lmr/m/n/10.95 VMs - In-té-gra-tion
 []


Underfull \hbox (badness 1360) in paragraph at lines 192--197
[]|\T1/lmr/m/n/10.95 - Snap-shots - Clo-
 []


Underfull \hbox (badness 10000) in paragraph at lines 192--197
\T1/lmr/m/n/10.95 nage de VMs -
 []


Underfull \hbox (badness 2809) in paragraph at lines 192--197
\T1/lmr/m/n/10.95 Par-tage de fi-chiers
 []


Underfull \hbox (badness 10000) in paragraph at lines 192--197
\T1/lmr/m/n/10.95 vir-tuel avancé -
 []


Underfull \hbox (badness 10000) in paragraph at lines 211--211
[]|\T1/lmr/m/n/10.95 Gratuit (Open
 []


Underfull \hbox (badness 10000) in paragraph at lines 214--214
[]|\T1/lmr/m/n/10.95 ~15% (uti-li-sa-teurs
 []


Underfull \hbox (badness 10000) in paragraph at lines 216--216
[]|\T1/lmr/m/n/10.95 ~35% (tous seg-
 []



[3]

[4]
<figures/1.png, id=263, 1163.84813pt x 677.53125pt>
File: figures/1.png Graphic file (type png)
<use figures/1.png>
Package pdftex.def Info: figures/1.png  used on input line 285.
(pdftex.def)             Requested size: 364.19667pt x 212.00713pt.


[5{C:/Users/admin/AppData/Local/Programs/MiKTeX/fonts/enc/dvips/lm/lm-mathsy.enc}]
<figures/3.png, id=280, 1445.4pt x 813.0375pt>
File: figures/3.png Graphic file (type png)
<use figures/3.png>
Package pdftex.def Info: figures/3.png  used on input line 292.
(pdftex.def)             Requested size: 364.19667pt x 204.85924pt.
<figures/4.png, id=281, 475.02469pt x 373.395pt>
File: figures/4.png Graphic file (type png)
<use figures/4.png>
Package pdftex.def Info: figures/4.png  used on input line 301.
(pdftex.def)             Requested size: 318.66948pt x 250.49811pt.


[6 <./figures/1.png> <./figures/3.png>]
<figures/5.png, id=292, 475.02469pt x 371.13657pt>
File: figures/5.png Graphic file (type png)
<use figures/5.png>
Package pdftex.def Info: figures/5.png  used on input line 308.
(pdftex.def)             Requested size: 318.66948pt x 248.983pt.
<figures/6.png, id=293, 539.01375pt x 374.90062pt>
File: figures/6.png Graphic file (type png)
<use figures/6.png>
Package pdftex.def Info: figures/6.png  used on input line 315.
(pdftex.def)             Requested size: 318.66948pt x 221.64708pt.


[7 <./figures/4.png> <./figures/5.png>]
<figures/7.png, id=303, 467.49657pt x 369.63094pt>
File: figures/7.png Graphic file (type png)
<use figures/7.png>
Package pdftex.def Info: figures/7.png  used on input line 322.
(pdftex.def)             Requested size: 318.66948pt x 251.97176pt.
<figures/8.png, id=304, 1445.4pt x 813.0375pt>
File: figures/8.png Graphic file (type png)
<use figures/8.png>
Package pdftex.def Info: figures/8.png  used on input line 347.
(pdftex.def)             Requested size: 364.19667pt x 204.85924pt.


[8 <./figures/6.png> <./figures/7.png>]
<figures/9.png, id=319, 399.74344pt x 412.54124pt>
File: figures/9.png Graphic file (type png)
<use figures/9.png>
Package pdftex.def Info: figures/9.png  used on input line 365.
(pdftex.def)             Requested size: 318.66948pt x 328.88777pt.


[9 <./figures/8.png>]
<figures/10.png, id=327, 388.45125pt x 399.74344pt>
File: figures/10.png Graphic file (type png)
<use figures/10.png>
Package pdftex.def Info: figures/10.png  used on input line 384.
(pdftex.def)             Requested size: 318.66948pt x 327.93811pt.


[10 <./figures/9.png>]
<figures/11.png, id=335, 407.27156pt x 420.06938pt>
File: figures/11.png Graphic file (type png)
<use figures/11.png>
Package pdftex.def Info: figures/11.png  used on input line 402.
(pdftex.def)             Requested size: 318.66948pt x 328.69759pt.


[11 <./figures/10.png>]
<figures/12.png, id=343, 395.22656pt x 410.2828pt>
File: figures/12.png Graphic file (type png)
<use figures/12.png>
Package pdftex.def Info: figures/12.png  used on input line 419.
(pdftex.def)             Requested size: 318.66948pt x 330.81223pt.


[12 <./figures/11.png>]
<figures/13.png, id=352, 399.74344pt x 414.04688pt>
File: figures/13.png Graphic file (type png)
<use figures/13.png>
Package pdftex.def Info: figures/13.png  used on input line 430.
(pdftex.def)             Requested size: 318.66948pt x 330.08809pt.


[13 <./figures/12.png>]
<figures/14.png, id=360, 389.95688pt x 411.78844pt>
File: figures/14.png Graphic file (type png)
<use figures/14.png>
Package pdftex.def Info: figures/14.png  used on input line 468.
(pdftex.def)             Requested size: 318.66948pt x 336.52512pt.


[14 <./figures/13.png>]

[15{C:/Users/admin/AppData/Local/Programs/MiKTeX/fonts/enc/dvips/lm/lm-mathit.enc} <./figures/14.png>]
<figures/15.png, id=376, 402.75468pt x 414.79968pt>
File: figures/15.png Graphic file (type png)
<use figures/15.png>
Package pdftex.def Info: figures/15.png  used on input line 509.
(pdftex.def)             Requested size: 318.66948pt x 328.20084pt.
<figures/16.png, id=377, 382.42876pt x 402.75468pt>
File: figures/16.png Graphic file (type png)
<use figures/16.png>
Package pdftex.def Info: figures/16.png  used on input line 527.
(pdftex.def)             Requested size: 318.66948pt x 335.61987pt.


[16 <./figures/15.png>]
<figures/17.png, id=386, 383.93437pt x 409.53pt>
File: figures/17.png Graphic file (type png)
<use figures/17.png>
Package pdftex.def Info: figures/17.png  used on input line 546.
(pdftex.def)             Requested size: 318.66948pt x 339.9348pt.


[17 <./figures/16.png>]
<figures/18.png, id=394, 390.70969pt x 407.27156pt>
File: figures/18.png Graphic file (type png)
<use figures/18.png>
Package pdftex.def Info: figures/18.png  used on input line 553.
(pdftex.def)             Requested size: 318.66948pt x 332.19371pt.


[18 <./figures/17.png>]
<figures/19.png, id=403, 383.93437pt x 407.27156pt>
File: figures/19.png Graphic file (type png)
<use figures/19.png>
Package pdftex.def Info: figures/19.png  used on input line 601.
(pdftex.def)             Requested size: 318.66948pt x 338.06015pt.


[19 <./figures/18.png>]
<figures/20.png, id=415, 381.67593pt x 406.51875pt>
File: figures/20.png Graphic file (type png)
<use figures/20.png>
Package pdftex.def Info: figures/20.png  used on input line 641.
(pdftex.def)             Requested size: 318.66948pt x 339.42644pt.


[20 <./figures/19.png>]

[21 <./figures/20.png>]
<figures/21.png, id=434, 392.21532pt x 405.76593pt>
File: figures/21.png Graphic file (type png)
<use figures/21.png>
Package pdftex.def Info: figures/21.png  used on input line 692.
(pdftex.def)             Requested size: 318.66948pt x 329.69638pt.
<figures/22.png, id=435, 389.20406pt x 403.5075pt>
File: figures/22.png Graphic file (type png)
<use figures/22.png>
Package pdftex.def Info: figures/22.png  used on input line 730.
(pdftex.def)             Requested size: 318.66948pt x 330.39189pt.


[22 <./figures/21.png>]
<figures/23.png, id=443, 390.70969pt x 413.29407pt>
File: figures/23.png Graphic file (type png)
<use figures/23.png>
Package pdftex.def Info: figures/23.png  used on input line 772.
(pdftex.def)             Requested size: 318.66948pt x 337.106pt.


[23 <./figures/22.png>]
LaTeX Font Info:    Trying to load font information for T1+lmtt on input line 777.
 (C:\Users\admin\AppData\Local\Programs\MiKTeX\tex/latex/lm\t1lmtt.fd
File: t1lmtt.fd 2015/05/01 v1.6.1 Font defs for Latin Modern
)
<figures/24.png, id=453, 396.7322pt x 405.76593pt>
File: figures/24.png Graphic file (type png)
<use figures/24.png>
Package pdftex.def Info: figures/24.png  used on input line 783.
(pdftex.def)             Requested size: 318.66948pt x 325.93196pt.


[24 <./figures/23.png>]
<figures/25.png, id=463, 372.64218pt x 123.46124pt>
File: figures/25.png Graphic file (type png)
<use figures/25.png>
Package pdftex.def Info: figures/25.png  used on input line 801.
(pdftex.def)             Requested size: 273.14923pt x 90.50082pt.
<figures/26.png, id=464, 328.22626pt x 228.10219pt>
File: figures/26.png Graphic file (type png)
<use figures/26.png>
Package pdftex.def Info: figures/26.png  used on input line 817.
(pdftex.def)             Requested size: 318.66948pt x 221.46419pt.


[25 <./figures/24.png> <./figures/25.png>]
<figures/27.png, id=474, 485.56406pt x 363.60844pt>
File: figures/27.png Graphic file (type png)
<use figures/27.png>
Package pdftex.def Info: figures/27.png  used on input line 828.
(pdftex.def)             Requested size: 318.66948pt x 238.62854pt.


[26 <./figures/26.png> <./figures/27.png>]
<figures/28.png, id=484, 477.28313pt x 357.58594pt>
File: figures/28.png Graphic file (type png)
<use figures/28.png>
Package pdftex.def Info: figures/28.png  used on input line 844.
(pdftex.def)             Requested size: 318.66948pt x 238.7465pt.
<figures/29.png, id=485, 1445.4pt x 813.0375pt>
File: figures/29.png Graphic file (type png)
<use figures/29.png>
Package pdftex.def Info: figures/29.png  used on input line 851.
(pdftex.def)             Requested size: 364.19667pt x 204.85924pt.
<figures/30.png, id=486, 1445.4pt x 813.0375pt>
File: figures/30.png Graphic file (type png)
<use figures/30.png>
Package pdftex.def Info: figures/30.png  used on input line 858.
(pdftex.def)             Requested size: 364.19667pt x 204.85924pt.


[27 <./figures/28.png> <./figures/29.png>]
<figures/31.png, id=496, 1445.4pt x 813.0375pt>
File: figures/31.png Graphic file (type png)
<use figures/31.png>
Package pdftex.def Info: figures/31.png  used on input line 869.
(pdftex.def)             Requested size: 364.19667pt x 204.85924pt.
<figures/32.png, id=497, 1444.64719pt x 812.28468pt>
File: figures/32.png Graphic file (type png)
<use figures/32.png>
Package pdftex.def Info: figures/32.png  used on input line 876.
(pdftex.def)             Requested size: 409.71692pt x 230.36325pt.


[28 <./figures/30.png> <./figures/31.png>]
<figures/33.png, id=507, 1445.4pt x 813.0375pt>
File: figures/33.png Graphic file (type png)
<use figures/33.png>
Package pdftex.def Info: figures/33.png  used on input line 892.
(pdftex.def)             Requested size: 364.19667pt x 204.85924pt.
<figures/34.png, id=508, 682.04813pt x 683.55376pt>
File: figures/34.png Graphic file (type png)
<use figures/34.png>
Package pdftex.def Info: figures/34.png  used on input line 908.
(pdftex.def)             Requested size: 409.71692pt x 410.62564pt.


[29 <./figures/32.png> <./figures/33.png>]

[30 <./figures/34.png>]
Overfull \hbox (59.20592pt too wide) in paragraph at lines 995--996
[]\T1/lmr/m/n/10.95 VMware Works-ta-tion Pro Do-cu-men-ta-tion : [][]$\T1/lmtt/m/n/10.95 https : / / www . vmware . com / products / workstation-[]pro .
 []



[31]

[32] 
enddocument/afterlastpage (AED): lastpage setting LastPage.
(template_ensa_agadir.aux)
 ***********
LaTeX2e <2025-06-01> patch level 1
L3 programming layer <2025-07-20>
 ***********
Package rerunfilecheck Info: File `template_ensa_agadir.out' has not changed.
(rerunfilecheck)             Checksum: F7E48A88577B97A0C5D4B5F73D6FDE7E;8477.
 ) 
Here is how much of TeX's memory you used:
 12400 strings out of 468134
 204415 string characters out of 5430740
 630532 words of memory out of 5000000
 40693 multiletter control sequences out of 15000+600000
 680877 words of font info for 68 fonts, out of 8000000 for 9000
 1141 hyphenation exceptions out of 8191
 75i,16n,79p,576b,574s stack positions out of 10000i,1000n,20000p,200000b,200000s
<C:/Users/admin/AppData/Local/Programs/MiKTeX/fonts/type1/public/lm/lmbx10.pfb><C:/Users/admin/AppData/Local/Programs/MiKTeX/fonts/type1/public/lm/lmbx12.pfb><C:/Users/admin/AppData/Local/Programs/MiKTeX/fonts/type1/public/lm/lmcsc10.pfb><C:/Users/admin/AppData/Local/Programs/MiKTeX/fonts/type1/public/lm/lmmi10.pfb><C:/Users/admin/AppData/Local/Programs/MiKTeX/fonts/type1/public/lm/lmr10.pfb><C:/Users/admin/AppData/Local/Programs/MiKTeX/fonts/type1/public/lm/lmr12.pfb><C:/Users/admin/AppData/Local/Programs/MiKTeX/fonts/type1/public/lm/lmri10.pfb><C:/Users/admin/AppData/Local/Programs/MiKTeX/fonts/type1/public/lm/lmri12.pfb><C:/Users/admin/AppData/Local/Programs/MiKTeX/fonts/type1/public/lm/lmsy10.pfb><C:/Users/admin/AppData/Local/Programs/MiKTeX/fonts/type1/public/lm/lmtt10.pfb>
Output written on template_ensa_agadir.pdf (33 pages, 4434045 bytes).
PDF statistics:
 629 PDF objects out of 1000 (max. 8388607)
 145 named destinations out of 1000 (max. 500000)
 528 words of extra memory for PDF output out of 10000 (max. 10000000)

